<?xml version="1.0" encoding="UTF-8"?>
<testsuite xmlns:xsi="http://www.w3.org/2001/XMLSchema-instance" xsi:noNamespaceSchemaLocation="https://maven.apache.org/surefire/maven-surefire-plugin/xsd/surefire-test-report.xsd" name="ru.netology.ManagerFilmTest" time="0.687" tests="3" errors="0" skipped="0" failures="0">
  <properties>
[...]
</properties>
  <testcase name="shouldShowLast10Movies" classname="ru.netology.ManagerFilmTest" time="0.593"/>
  <testcase name="shoudShow4Movies" classname="ru.netology.ManagerFilmTest" time="0.016"/>
  <testcase name="shouldShowAllMovies" classname="ru.netology.ManagerFilmTest" time="0"/>
</testsuite>